Arguments: 
  C:\Program Files\nodejs\node.exe C:\Users\tsili\AppData\Roaming\npm\node_modules\yarn\bin\yarn.js add @types/jquery-ui --dev

PATH: 
  C:\ProgramData\Oracle\Java\javapath;C:\Windows\system32;C:\Windows;C:\Windows\System32\Wbem;C:\Windows\System32\WindowsPowerShell\v1.0\;C:\Program Files (x86)\GtkSharp\2.12\bin;C:\Program Files\Common Files\Autodesk Shared\;C:\Program Files\Microsoft SQL Server\120\Tools\Binn\;C:\Program Files\Microsoft SQL Server\130\Tools\Binn\;C:\Program Files\Microsoft\Web Platform Installer\;C:\Program Files (x86)\Microsoft SQL Server\110\DTS\Binn\;C:\Program Files (x86)\Microsoft SQL Server\120\DTS\Binn\;C:\Program Files (x86)\Microsoft SQL Server\130\DTS\Binn\;C:\Program Files\dotnet\;C:\Program Files (x86)\Xoreax\IncrediBuild;C:\Program Files\CMake\bin;C:\Program Files (x86)\NVIDIA Corporation\PhysX\Common;C:\Program Files\MongoDB\Server\3.4\bin;C:\WINDOWS\system32;C:\WINDOWS;C:\WINDOWS\System32\Wbem;C:\WINDOWS\System32\WindowsPowerShell\v1.0\;C:\Program Files\Git LFS;C:\Program Files (x86)\Microsoft Emulator Manager\1.0\;C:\Program Files (x86)\Autodesk\Backburner\;C:\Program Files\apache-maven-3.5.2\bin;C:\Program Files\Perforce\;C:\Program Files\Git\cmd;C:\Program Files\Git\mingw64\bin;C:\Program Files\Git\usr\bin;C:\Program Files\nodejs\;C:\WINDOWS\System32\OpenSSH\;C:\Program Files (x86)\Microsoft VS Code\bin;C:\Users\tsili\AppData\Local\Programs\Python\Python36-32\Scripts\;C:\Users\tsili\AppData\Local\Programs\Python\Python36-32\;C:\Users\tsili\AppData\Local\Microsoft\WindowsApps;C:\Program Files (x86)\Microsoft VS Code\bin;C:\Program Files\MongoDB\Server\3.4\bin;C:\Program Files\Git LFS;C:\Program Files\apache-maven-3.5.2\bin;C:\Users\tsili\AppData\Roaming\npm;

Yarn version: 
  1.7.0

Node version: 
  10.1.0

Platform: 
  win32 x64

Trace: 
  Error: https://registry.yarnpkg.com/@types%2fjquery-ui: Not found
      at Request.params.callback [as _callback] (C:\Users\tsili\AppData\Roaming\npm\node_modules\yarn\lib\cli.js:65656:18)
      at Request.self.callback (C:\Users\tsili\AppData\Roaming\npm\node_modules\yarn\lib\cli.js:134675:22)
      at Request.emit (events.js:182:13)
      at Request.<anonymous> (C:\Users\tsili\AppData\Roaming\npm\node_modules\yarn\lib\cli.js:135658:10)
      at Request.emit (events.js:182:13)
      at IncomingMessage.<anonymous> (C:\Users\tsili\AppData\Roaming\npm\node_modules\yarn\lib\cli.js:135578:12)
      at Object.onceWrapper (events.js:273:13)
      at IncomingMessage.emit (events.js:187:15)
      at endReadableNT (_stream_readable.js:1086:12)
      at process._tickCallback (internal/process/next_tick.js:63:19)

npm manifest: 
  {
    "name": "comp125-s2018-lesson8",
    "version": "0.0.1",
    "description": "COMP125 Demo for OOP",
    "main": "index.js",
    "author": "Tom Tsiliopoulos",
    "license": "MIT",
    "dependencies": {
      "bootstrap": "^4.1.1",
      "font-awesome": "^4.7.0",
      "jquery": "^3.3.1",
      "popper.js": "^1.14.3"
    },
    "devDependencies": {
      "@types/jquery": "^3.3.4"
    }
  }

yarn manifest: 
  No manifest

Lockfile: 
  # THIS IS AN AUTOGENERATED FILE. DO NOT EDIT THIS FILE DIRECTLY.
  # yarn lockfile v1
  
  
  "@types/jquery@^3.3.4":
    version "3.3.4"
    resolved "https://registry.yarnpkg.com/@types/jquery/-/jquery-3.3.4.tgz#f1850fb9a70041a14ace4f81a7ed782db8548317"
  
  bootstrap@^4.1.1:
    version "4.1.1"
    resolved "https://registry.yarnpkg.com/bootstrap/-/bootstrap-4.1.1.tgz#3aec85000fa619085da8d2e4983dfd67cf2114cb"
  
  font-awesome@^4.7.0:
    version "4.7.0"
    resolved "https://registry.yarnpkg.com/font-awesome/-/font-awesome-4.7.0.tgz#8fa8cf0411a1a31afd07b06d2902bb9fc815a133"
  
  jquery@^3.3.1:
    version "3.3.1"
    resolved "https://registry.yarnpkg.com/jquery/-/jquery-3.3.1.tgz#958ce29e81c9790f31be7792df5d4d95fc57fbca"
  
  popper.js@^1.14.3:
    version "1.14.3"
    resolved "https://registry.yarnpkg.com/popper.js/-/popper.js-1.14.3.tgz#1438f98d046acf7b4d78cd502bf418ac64d4f095"
